c:\users\streyan\documents\git\starfighter\project\debug\steering.bsc
c:\users\streyan\documents\git\starfighter\project\debug\vc140.pdb
c:\users\streyan\documents\git\starfighter\project\debug\vc140.idb
c:\users\streyan\documents\git\starfighter\project\debug\vehicle.sbr
c:\users\streyan\documents\git\starfighter\project\debug\steeringbehaviors.sbr
c:\users\streyan\documents\git\starfighter\project\debug\path.sbr
c:\users\streyan\documents\git\starfighter\project\debug\paramloader.sbr
c:\users\streyan\documents\git\starfighter\project\debug\obstacle.sbr
c:\users\streyan\documents\git\starfighter\project\debug\main.sbr
c:\users\streyan\documents\git\starfighter\project\debug\gameworld.sbr
c:\users\streyan\documents\git\starfighter\project\debug\precisiontimer.sbr
c:\users\streyan\documents\git\starfighter\project\debug\windowutils.sbr
c:\users\streyan\documents\git\starfighter\project\debug\inifileloaderbase.sbr
c:\users\streyan\documents\git\starfighter\project\debug\cgdi.sbr
c:\users\streyan\documents\git\starfighter\project\debug\vector2d.sbr
c:\users\streyan\documents\git\starfighter\project\debug\vector2d.obj
c:\users\streyan\documents\git\starfighter\project\debug\cgdi.obj
c:\users\streyan\documents\git\starfighter\project\debug\inifileloaderbase.obj
c:\users\streyan\documents\git\starfighter\project\debug\windowutils.obj
c:\users\streyan\documents\git\starfighter\project\debug\precisiontimer.obj
c:\users\streyan\documents\git\starfighter\project\debug\gameworld.obj
c:\users\streyan\documents\git\starfighter\project\debug\main.obj
c:\users\streyan\documents\git\starfighter\project\debug\obstacle.obj
c:\users\streyan\documents\git\starfighter\project\debug\paramloader.obj
c:\users\streyan\documents\git\starfighter\project\debug\path.obj
c:\users\streyan\documents\git\starfighter\project\debug\steeringbehaviors.obj
c:\users\streyan\documents\git\starfighter\project\debug\vehicle.obj
c:\users\streyan\documents\git\starfighter\project\debug\steering.ilk
c:\users\streyan\documents\git\starfighter\project\debug\steering.exe
c:\users\streyan\documents\git\starfighter\project\debug\steering.pdb
c:\users\streyan\documents\git\starfighter\project\debug\script1.res
c:\users\streyan\documents\git\starfighter\project\.\debug\steering.exe
c:\users\streyan\documents\git\starfighter\project\debug\steering.tlog\bscmake.command.1.tlog
c:\users\streyan\documents\git\starfighter\project\debug\steering.tlog\bscmake.read.1.tlog
c:\users\streyan\documents\git\starfighter\project\debug\steering.tlog\bscmake.write.1.tlog
c:\users\streyan\documents\git\starfighter\project\debug\steering.tlog\cl.command.1.tlog
c:\users\streyan\documents\git\starfighter\project\debug\steering.tlog\cl.read.1.tlog
c:\users\streyan\documents\git\starfighter\project\debug\steering.tlog\cl.write.1.tlog
c:\users\streyan\documents\git\starfighter\project\debug\steering.tlog\link.command.1.tlog
c:\users\streyan\documents\git\starfighter\project\debug\steering.tlog\link.read.1.tlog
c:\users\streyan\documents\git\starfighter\project\debug\steering.tlog\link.write.1.tlog
c:\users\streyan\documents\git\starfighter\project\debug\steering.tlog\rc.command.1.tlog
c:\users\streyan\documents\git\starfighter\project\debug\steering.tlog\rc.read.1.tlog
c:\users\streyan\documents\git\starfighter\project\debug\steering.tlog\rc.write.1.tlog
